<?xml version="1.0" encoding="UTF-8" ?>
<testsuite tests="8" failures="0" name="com.universityapplication.universityapplication.models.SubjectIT" time="0.11" errors="0" skipped="0">
  <properties>
    <property name="java.runtime.name" value="OpenJDK Runtime Environment"/>
    <property name="java.vm.version" value="11.0.2+9"/>
    <property name="sun.boot.library.path" value="C:\Users\35568\AppData\Local\jdk-11.0.2\bin"/>
    <property name="maven.multiModuleProjectDirectory" value="C:\Users\35568\Documents\NetBeansProjects\UniversityApplication"/>
    <property name="java.vm.vendor" value="Oracle Corporation"/>
    <property name="java.vendor.url" value="http://java.oracle.com/"/>
    <property name="guice.disable.misplaced.annotation.check" value="true"/>
    <property name="path.separator" value=";"/>
    <property name="java.vm.name" value="OpenJDK 64-Bit Server VM"/>
    <property name="sun.os.patch.level" value=""/>
    <property name="user.script" value=""/>
    <property name="user.country" value="US"/>
    <property name="sun.java.launcher" value="SUN_STANDARD"/>
    <property name="test" value="com.universityapplication.universityapplication.models.SubjectIT"/>
    <property name="java.vm.specification.name" value="Java Virtual Machine Specification"/>
    <property name="user.dir" value="C:\Users\35568\Documents\NetBeansProjects\UniversityApplication"/>
    <property name="java.vm.compressedOopsMode" value="32-bit"/>
    <property name="java.runtime.version" value="11.0.2+9"/>
    <property name="java.awt.graphicsenv" value="sun.awt.Win32GraphicsEnvironment"/>
    <property name="os.arch" value="amd64"/>
    <property name="java.io.tmpdir" value="C:\Users\35568\AppData\Local\Temp\"/>
    <property name="line.separator" value="
"/>
    <property name="java.vm.specification.vendor" value="Oracle Corporation"/>
    <property name="user.variant" value=""/>
    <property name="os.name" value="Windows 10"/>
    <property name="maven.ext.class.path" value="C:\Program Files\NetBeans-12.4\netbeans\java\maven-nblib\netbeans-eventspy.jar"/>
    <property name="classworlds.conf" value="C:\Program Files\NetBeans-12.4\netbeans\java\maven\bin\..\bin\m2.conf"/>
    <property name="sun.jnu.encoding" value="Cp1252"/>
    <property name="java.library.path" value="C:\Users\35568\AppData\Local\jdk-11.0.2\bin;C:\Windows\Sun\Java\bin;C:\Windows\system32;C:\Windows;C:\Program Files (x86)\Common Files\Oracle\Java\javapath;C:\Python39\Scripts\;C:\Python39\;C:\Windows\system32;C:\Windows;C:\Windows\System32\Wbem;C:\Windows\System32\WindowsPowerShell\v1.0\;C:\Windows\System32\OpenSSH\;C:\Program Files\nodejs\;C:\ProgramData\chocolatey\bin;C:\Program Files\Git\cmd;C:\Program Files\dotnet\;C:\Program Files\Microsoft SQL Server\130\Tools\Binn\;C:\Program Files\Microsoft SQL Server\Client SDK\ODBC\170\Tools\Binn\;C:\Windows\Microsoft.NET\Framework\v4.0.30319;C:\Users\35568\AppData\Local\python2\scripts;C:\Users\35568\AppData\Local\python2;C:\Users\35568\AppData\Local\Android\Sdk\platform-tools;C:\Users\35568\AppData\Local\Android\Sdk\tools;C:\Users\35568\AppData\Local\jdk-11.0.2\bin;C:\Users\35568\AppData\Local\Microsoft\WindowsApps;;C:\Users\35568\AppData\Local\Programs\Microsoft VS Code\bin;C:\Users\35568\AppData\Roaming\npm;C:\Users\35568\.dotnet\tools;."/>
    <property name="maven.conf" value="C:\Program Files\NetBeans-12.4\netbeans\java\maven\bin\../conf"/>
    <property name="jdk.debug" value="release"/>
    <property name="java.class.version" value="55.0"/>
    <property name="java.specification.name" value="Java Platform API Specification"/>
    <property name="sun.management.compiler" value="HotSpot 64-Bit Tiered Compilers"/>
    <property name="os.version" value="10.0"/>
    <property name="library.jansi.path" value="C:\Program Files\NetBeans-12.4\netbeans\java\maven\bin\..\lib\jansi-native"/>
    <property name="user.home" value="C:\Users\35568"/>
    <property name="user.timezone" value="Europe/Prague"/>
    <property name="java.awt.printerjob" value="sun.awt.windows.WPrinterJob"/>
    <property name="file.encoding" value="UTF-8"/>
    <property name="java.specification.version" value="11"/>
    <property name="user.name" value="Nasty"/>
    <property name="java.class.path" value="C:\Program Files\NetBeans-12.4\netbeans\java\maven\bin\..\boot\plexus-classworlds-2.6.0.jar"/>
    <property name="java.vm.specification.version" value="11"/>
    <property name="sun.arch.data.model" value="64"/>
    <property name="sun.java.command" value="org.codehaus.plexus.classworlds.launcher.Launcher -Dtest=com.universityapplication.universityapplication.models.SubjectIT -Dmaven.ext.class.path=C:\Program Files\NetBeans-12.4\netbeans\java\maven-nblib\netbeans-eventspy.jar -Dfile.encoding=UTF-8 surefire:test"/>
    <property name="java.home" value="C:\Users\35568\AppData\Local\jdk-11.0.2"/>
    <property name="user.language" value="en"/>
    <property name="java.specification.vendor" value="Oracle Corporation"/>
    <property name="awt.toolkit" value="sun.awt.windows.WToolkit"/>
    <property name="java.vm.info" value="mixed mode"/>
    <property name="java.version" value="11.0.2"/>
    <property name="java.vendor" value="Oracle Corporation"/>
    <property name="maven.home" value="C:\Program Files\NetBeans-12.4\netbeans\java\maven\bin\.."/>
    <property name="file.separator" value="\"/>
    <property name="java.version.date" value="2019-01-15"/>
    <property name="java.vendor.url.bug" value="http://bugreport.java.com/bugreport/"/>
    <property name="sun.io.unicode.encoding" value="UnicodeLittle"/>
    <property name="sun.cpu.endian" value="little"/>
    <property name="java.vendor.version" value="18.9"/>
    <property name="sun.desktop" value="windows"/>
    <property name="sun.cpu.isalist" value="amd64"/>
  </properties>
  <testcase classname="com.universityapplication.universityapplication.models.SubjectIT" name="com.universityapplication.universityapplication.models.SubjectIT.testGetMajorId" time="0.016"/>
  <testcase classname="com.universityapplication.universityapplication.models.SubjectIT" name="com.universityapplication.universityapplication.models.SubjectIT.testGetName" time="0"/>
  <testcase classname="com.universityapplication.universityapplication.models.SubjectIT" name="com.universityapplication.universityapplication.models.SubjectIT.testGetProfessor" time="0"/>
  <testcase classname="com.universityapplication.universityapplication.models.SubjectIT" name="com.universityapplication.universityapplication.models.SubjectIT.testGetId" time="0"/>
  <testcase classname="com.universityapplication.universityapplication.models.SubjectIT" name="com.universityapplication.universityapplication.models.SubjectIT.testGetPlace" time="0"/>
  <testcase classname="com.universityapplication.universityapplication.models.SubjectIT" name="com.universityapplication.universityapplication.models.SubjectIT.testGetTime" time="0"/>
  <testcase classname="com.universityapplication.universityapplication.models.SubjectIT" name="com.universityapplication.universityapplication.models.SubjectIT.testGetSubjectUsers" time="0.078"/>
  <testcase classname="com.universityapplication.universityapplication.models.SubjectIT" name="com.universityapplication.universityapplication.models.SubjectIT.testGetSubjectComments" time="0.016"/>
</testsuite>